<?xml version="1.0" encoding="UTF-8"?>
<testsuite xmlns:xsi="http://www.w3.org/2001/XMLSchema-instance" xsi:noNamespaceSchemaLocation="https://maven.apache.org/surefire/maven-surefire-plugin/xsd/surefire-test-report.xsd" name="com.xcx.XcxApplicationTests" time="8.408" tests="2" errors="0" skipped="0" failures="0">
  <properties>
    <property name="sun.desktop" value="windows"/>
    <property name="awt.toolkit" value="sun.awt.windows.WToolkit"/>
    <property name="file.encoding.pkg" value="sun.io"/>
    <property name="java.specification.version" value="1.8"/>
    <property name="sun.cpu.isalist" value="amd64"/>
    <property name="sun.jnu.encoding" value="GBK"/>
    <property name="java.class.path" value="C:\Users\喜\Desktop\MyBlog-github\xcx\target\test-classes;C:\Users\喜\Desktop\MyBlog-github\xcx\target\classes;I:\My software\Maven\org\springframework\boot\spring-boot-starter-web\2.7.2\spring-boot-starter-web-2.7.2.jar;I:\My software\Maven\org\springframework\boot\spring-boot-starter\2.7.2\spring-boot-starter-2.7.2.jar;I:\My software\Maven\org\springframework\boot\spring-boot\2.7.2\spring-boot-2.7.2.jar;I:\My software\Maven\org\springframework\boot\spring-boot-starter-logging\2.7.2\spring-boot-starter-logging-2.7.2.jar;I:\My software\Maven\ch\qos\logback\logback-classic\1.2.11\logback-classic-1.2.11.jar;I:\My software\Maven\ch\qos\logback\logback-core\1.2.11\logback-core-1.2.11.jar;I:\My software\Maven\org\apache\logging\log4j\log4j-to-slf4j\2.17.2\log4j-to-slf4j-2.17.2.jar;I:\My software\Maven\org\apache\logging\log4j\log4j-api\2.17.2\log4j-api-2.17.2.jar;I:\My software\Maven\org\slf4j\jul-to-slf4j\1.7.36\jul-to-slf4j-1.7.36.jar;I:\My software\Maven\org\yaml\snakeyaml\1.30\snakeyaml-1.30.jar;I:\My software\Maven\org\springframework\boot\spring-boot-starter-json\2.7.2\spring-boot-starter-json-2.7.2.jar;I:\My software\Maven\com\fasterxml\jackson\datatype\jackson-datatype-jdk8\2.13.3\jackson-datatype-jdk8-2.13.3.jar;I:\My software\Maven\com\fasterxml\jackson\datatype\jackson-datatype-jsr310\2.13.3\jackson-datatype-jsr310-2.13.3.jar;I:\My software\Maven\com\fasterxml\jackson\module\jackson-module-parameter-names\2.13.3\jackson-module-parameter-names-2.13.3.jar;I:\My software\Maven\org\springframework\spring-web\5.3.22\spring-web-5.3.22.jar;I:\My software\Maven\org\springframework\spring-beans\5.3.22\spring-beans-5.3.22.jar;I:\My software\Maven\org\springframework\spring-webmvc\5.3.22\spring-webmvc-5.3.22.jar;I:\My software\Maven\org\springframework\spring-aop\5.3.22\spring-aop-5.3.22.jar;I:\My software\Maven\org\springframework\spring-context\5.3.22\spring-context-5.3.22.jar;I:\My software\Maven\org\springframework\spring-expression\5.3.22\spring-expression-5.3.22.jar;I:\My software\Maven\org\mybatis\spring\boot\mybatis-spring-boot-starter\2.2.2\mybatis-spring-boot-starter-2.2.2.jar;I:\My software\Maven\org\springframework\boot\spring-boot-starter-jdbc\2.7.2\spring-boot-starter-jdbc-2.7.2.jar;I:\My software\Maven\com\zaxxer\HikariCP\4.0.3\HikariCP-4.0.3.jar;I:\My software\Maven\org\springframework\spring-jdbc\5.3.22\spring-jdbc-5.3.22.jar;I:\My software\Maven\org\mybatis\spring\boot\mybatis-spring-boot-autoconfigure\2.2.2\mybatis-spring-boot-autoconfigure-2.2.2.jar;I:\My software\Maven\org\mybatis\mybatis\3.5.9\mybatis-3.5.9.jar;I:\My software\Maven\org\mybatis\mybatis-spring\2.0.7\mybatis-spring-2.0.7.jar;I:\My software\Maven\mysql\mysql-connector-java\8.0.29\mysql-connector-java-8.0.29.jar;I:\My software\Maven\org\springframework\boot\spring-boot-starter-test\2.7.2\spring-boot-starter-test-2.7.2.jar;I:\My software\Maven\org\springframework\boot\spring-boot-test\2.7.2\spring-boot-test-2.7.2.jar;I:\My software\Maven\org\springframework\boot\spring-boot-test-autoconfigure\2.7.2\spring-boot-test-autoconfigure-2.7.2.jar;I:\My software\Maven\com\jayway\jsonpath\json-path\2.7.0\json-path-2.7.0.jar;I:\My software\Maven\net\minidev\json-smart\2.4.8\json-smart-2.4.8.jar;I:\My software\Maven\net\minidev\accessors-smart\2.4.8\accessors-smart-2.4.8.jar;I:\My software\Maven\org\ow2\asm\asm\9.1\asm-9.1.jar;I:\My software\Maven\org\slf4j\slf4j-api\1.7.36\slf4j-api-1.7.36.jar;I:\My software\Maven\jakarta\xml\bind\jakarta.xml.bind-api\2.3.3\jakarta.xml.bind-api-2.3.3.jar;I:\My software\Maven\jakarta\activation\jakarta.activation-api\1.2.2\jakarta.activation-api-1.2.2.jar;I:\My software\Maven\org\assertj\assertj-core\3.22.0\assertj-core-3.22.0.jar;I:\My software\Maven\org\hamcrest\hamcrest\2.2\hamcrest-2.2.jar;I:\My software\Maven\org\junit\jupiter\junit-jupiter\5.8.2\junit-jupiter-5.8.2.jar;I:\My software\Maven\org\junit\jupiter\junit-jupiter-api\5.8.2\junit-jupiter-api-5.8.2.jar;I:\My software\Maven\org\opentest4j\opentest4j\1.2.0\opentest4j-1.2.0.jar;I:\My software\Maven\org\junit\platform\junit-platform-commons\1.8.2\junit-platform-commons-1.8.2.jar;I:\My software\Maven\org\apiguardian\apiguardian-api\1.1.2\apiguardian-api-1.1.2.jar;I:\My software\Maven\org\junit\jupiter\junit-jupiter-params\5.8.2\junit-jupiter-params-5.8.2.jar;I:\My software\Maven\org\junit\jupiter\junit-jupiter-engine\5.8.2\junit-jupiter-engine-5.8.2.jar;I:\My software\Maven\org\junit\platform\junit-platform-engine\1.8.2\junit-platform-engine-1.8.2.jar;I:\My software\Maven\org\mockito\mockito-core\4.5.1\mockito-core-4.5.1.jar;I:\My software\Maven\net\bytebuddy\byte-buddy\1.12.12\byte-buddy-1.12.12.jar;I:\My software\Maven\net\bytebuddy\byte-buddy-agent\1.12.12\byte-buddy-agent-1.12.12.jar;I:\My software\Maven\org\objenesis\objenesis\3.2\objenesis-3.2.jar;I:\My software\Maven\org\mockito\mockito-junit-jupiter\4.5.1\mockito-junit-jupiter-4.5.1.jar;I:\My software\Maven\org\skyscreamer\jsonassert\1.5.1\jsonassert-1.5.1.jar;I:\My software\Maven\com\vaadin\external\google\android-json\0.0.20131108.vaadin1\android-json-0.0.20131108.vaadin1.jar;I:\My software\Maven\org\springframework\spring-core\5.3.22\spring-core-5.3.22.jar;I:\My software\Maven\org\springframework\spring-jcl\5.3.22\spring-jcl-5.3.22.jar;I:\My software\Maven\org\springframework\spring-test\5.3.22\spring-test-5.3.22.jar;I:\My software\Maven\org\xmlunit\xmlunit-core\2.9.0\xmlunit-core-2.9.0.jar;I:\My software\Maven\com\baomidou\mybatis-plus-boot-starter\3.5.2\mybatis-plus-boot-starter-3.5.2.jar;I:\My software\Maven\com\baomidou\mybatis-plus\3.5.2\mybatis-plus-3.5.2.jar;I:\My software\Maven\com\baomidou\mybatis-plus-extension\3.5.2\mybatis-plus-extension-3.5.2.jar;I:\My software\Maven\com\baomidou\mybatis-plus-core\3.5.2\mybatis-plus-core-3.5.2.jar;I:\My software\Maven\com\baomidou\mybatis-plus-annotation\3.5.2\mybatis-plus-annotation-3.5.2.jar;I:\My software\Maven\com\github\jsqlparser\jsqlparser\4.4\jsqlparser-4.4.jar;I:\My software\Maven\org\jetbrains\kotlin\kotlin-stdlib-jdk8\1.6.21\kotlin-stdlib-jdk8-1.6.21.jar;I:\My software\Maven\org\jetbrains\kotlin\kotlin-stdlib-jdk7\1.6.21\kotlin-stdlib-jdk7-1.6.21.jar;I:\My software\Maven\org\springframework\boot\spring-boot-autoconfigure\2.7.2\spring-boot-autoconfigure-2.7.2.jar;I:\My software\Maven\org\projectlombok\lombok\1.18.24\lombok-1.18.24.jar;I:\My software\Maven\org\springframework\boot\spring-boot-starter-data-redis\2.7.2\spring-boot-starter-data-redis-2.7.2.jar;I:\My software\Maven\org\springframework\data\spring-data-redis\2.7.2\spring-data-redis-2.7.2.jar;I:\My software\Maven\org\springframework\data\spring-data-keyvalue\2.7.2\spring-data-keyvalue-2.7.2.jar;I:\My software\Maven\org\springframework\data\spring-data-commons\2.7.2\spring-data-commons-2.7.2.jar;I:\My software\Maven\org\springframework\spring-tx\5.3.22\spring-tx-5.3.22.jar;I:\My software\Maven\org\springframework\spring-oxm\5.3.22\spring-oxm-5.3.22.jar;I:\My software\Maven\io\lettuce\lettuce-core\6.1.9.RELEASE\lettuce-core-6.1.9.RELEASE.jar;I:\My software\Maven\io\netty\netty-common\4.1.79.Final\netty-common-4.1.79.Final.jar;I:\My software\Maven\io\netty\netty-handler\4.1.79.Final\netty-handler-4.1.79.Final.jar;I:\My software\Maven\io\netty\netty-resolver\4.1.79.Final\netty-resolver-4.1.79.Final.jar;I:\My software\Maven\io\netty\netty-buffer\4.1.79.Final\netty-buffer-4.1.79.Final.jar;I:\My software\Maven\io\netty\netty-transport-native-unix-common\4.1.79.Final\netty-transport-native-unix-common-4.1.79.Final.jar;I:\My software\Maven\io\netty\netty-codec\4.1.79.Final\netty-codec-4.1.79.Final.jar;I:\My software\Maven\io\netty\netty-transport\4.1.79.Final\netty-transport-4.1.79.Final.jar;I:\My software\Maven\io\projectreactor\reactor-core\3.4.21\reactor-core-3.4.21.jar;I:\My software\Maven\org\reactivestreams\reactive-streams\1.0.4\reactive-streams-1.0.4.jar;I:\My software\Maven\commons-codec\commons-codec\1.15\commons-codec-1.15.jar;I:\My software\Maven\io\jsonwebtoken\jjwt\0.9.1\jjwt-0.9.1.jar;I:\My software\Maven\com\fasterxml\jackson\core\jackson-databind\2.13.3\jackson-databind-2.13.3.jar;I:\My software\Maven\com\fasterxml\jackson\core\jackson-annotations\2.13.3\jackson-annotations-2.13.3.jar;I:\My software\Maven\com\fasterxml\jackson\core\jackson-core\2.13.3\jackson-core-2.13.3.jar;I:\My software\Maven\com\alibaba\fastjson\1.2.76\fastjson-1.2.76.jar;I:\My software\Maven\com\qiniu\qiniu-java-sdk\7.7.0\qiniu-java-sdk-7.7.0.jar;I:\My software\Maven\com\squareup\okhttp3\okhttp\4.9.3\okhttp-4.9.3.jar;I:\My software\Maven\com\squareup\okio\okio\2.8.0\okio-2.8.0.jar;I:\My software\Maven\org\jetbrains\kotlin\kotlin-stdlib-common\1.6.21\kotlin-stdlib-common-1.6.21.jar;I:\My software\Maven\org\jetbrains\kotlin\kotlin-stdlib\1.6.21\kotlin-stdlib-1.6.21.jar;I:\My software\Maven\org\jetbrains\annotations\13.0\annotations-13.0.jar;I:\My software\Maven\com\google\code\gson\gson\2.9.0\gson-2.9.0.jar;I:\My software\Maven\org\springframework\boot\spring-boot-starter-mail\2.7.2\spring-boot-starter-mail-2.7.2.jar;I:\My software\Maven\org\springframework\spring-context-support\5.3.22\spring-context-support-5.3.22.jar;I:\My software\Maven\com\sun\mail\jakarta.mail\1.6.7\jakarta.mail-1.6.7.jar;I:\My software\Maven\com\sun\activation\jakarta.activation\1.2.2\jakarta.activation-1.2.2.jar;I:\My software\Maven\org\apache\commons\commons-lang3\3.12.0\commons-lang3-3.12.0.jar;I:\My software\Maven\org\springframework\boot\spring-boot-starter-tomcat\2.7.2\spring-boot-starter-tomcat-2.7.2.jar;I:\My software\Maven\jakarta\annotation\jakarta.annotation-api\1.3.5\jakarta.annotation-api-1.3.5.jar;I:\My software\Maven\org\apache\tomcat\embed\tomcat-embed-core\9.0.65\tomcat-embed-core-9.0.65.jar;I:\My software\Maven\org\apache\tomcat\embed\tomcat-embed-el\9.0.65\tomcat-embed-el-9.0.65.jar;I:\My software\Maven\org\apache\tomcat\embed\tomcat-embed-websocket\9.0.65\tomcat-embed-websocket-9.0.65.jar;"/>
    <property name="java.vm.vendor" value="Amazon.com Inc."/>
    <property name="sun.arch.data.model" value="64"/>
    <property name="user.variant" value=""/>
    <property name="java.vendor.url" value="https://aws.amazon.com/corretto/"/>
    <property name="user.timezone" value="Asia/Shanghai"/>
    <property name="java.vm.specification.version" value="1.8"/>
    <property name="os.name" value="Windows 10"/>
    <property name="user.country" value="CN"/>
    <property name="sun.java.launcher" value="SUN_STANDARD"/>
    <property name="sun.boot.library.path" value="C:\Users\喜\.jdks\corretto-1.8.0_332\jre\bin"/>
    <property name="sun.java.command" value="C:\Users\喜\AppData\Local\Temp\surefire5800797781760908853\surefirebooter4533264459498606148.jar C:\Users\喜\AppData\Local\Temp\surefire5800797781760908853 2022-08-10T13-58-45_750-jvmRun1 surefire2498676971435794148tmp surefire_06165729131977016549tmp"/>
    <property name="surefire.test.class.path" value="C:\Users\喜\Desktop\MyBlog-github\xcx\target\test-classes;C:\Users\喜\Desktop\MyBlog-github\xcx\target\classes;I:\My software\Maven\org\springframework\boot\spring-boot-starter-web\2.7.2\spring-boot-starter-web-2.7.2.jar;I:\My software\Maven\org\springframework\boot\spring-boot-starter\2.7.2\spring-boot-starter-2.7.2.jar;I:\My software\Maven\org\springframework\boot\spring-boot\2.7.2\spring-boot-2.7.2.jar;I:\My software\Maven\org\springframework\boot\spring-boot-starter-logging\2.7.2\spring-boot-starter-logging-2.7.2.jar;I:\My software\Maven\ch\qos\logback\logback-classic\1.2.11\logback-classic-1.2.11.jar;I:\My software\Maven\ch\qos\logback\logback-core\1.2.11\logback-core-1.2.11.jar;I:\My software\Maven\org\apache\logging\log4j\log4j-to-slf4j\2.17.2\log4j-to-slf4j-2.17.2.jar;I:\My software\Maven\org\apache\logging\log4j\log4j-api\2.17.2\log4j-api-2.17.2.jar;I:\My software\Maven\org\slf4j\jul-to-slf4j\1.7.36\jul-to-slf4j-1.7.36.jar;I:\My software\Maven\org\yaml\snakeyaml\1.30\snakeyaml-1.30.jar;I:\My software\Maven\org\springframework\boot\spring-boot-starter-json\2.7.2\spring-boot-starter-json-2.7.2.jar;I:\My software\Maven\com\fasterxml\jackson\datatype\jackson-datatype-jdk8\2.13.3\jackson-datatype-jdk8-2.13.3.jar;I:\My software\Maven\com\fasterxml\jackson\datatype\jackson-datatype-jsr310\2.13.3\jackson-datatype-jsr310-2.13.3.jar;I:\My software\Maven\com\fasterxml\jackson\module\jackson-module-parameter-names\2.13.3\jackson-module-parameter-names-2.13.3.jar;I:\My software\Maven\org\springframework\spring-web\5.3.22\spring-web-5.3.22.jar;I:\My software\Maven\org\springframework\spring-beans\5.3.22\spring-beans-5.3.22.jar;I:\My software\Maven\org\springframework\spring-webmvc\5.3.22\spring-webmvc-5.3.22.jar;I:\My software\Maven\org\springframework\spring-aop\5.3.22\spring-aop-5.3.22.jar;I:\My software\Maven\org\springframework\spring-context\5.3.22\spring-context-5.3.22.jar;I:\My software\Maven\org\springframework\spring-expression\5.3.22\spring-expression-5.3.22.jar;I:\My software\Maven\org\mybatis\spring\boot\mybatis-spring-boot-starter\2.2.2\mybatis-spring-boot-starter-2.2.2.jar;I:\My software\Maven\org\springframework\boot\spring-boot-starter-jdbc\2.7.2\spring-boot-starter-jdbc-2.7.2.jar;I:\My software\Maven\com\zaxxer\HikariCP\4.0.3\HikariCP-4.0.3.jar;I:\My software\Maven\org\springframework\spring-jdbc\5.3.22\spring-jdbc-5.3.22.jar;I:\My software\Maven\org\mybatis\spring\boot\mybatis-spring-boot-autoconfigure\2.2.2\mybatis-spring-boot-autoconfigure-2.2.2.jar;I:\My software\Maven\org\mybatis\mybatis\3.5.9\mybatis-3.5.9.jar;I:\My software\Maven\org\mybatis\mybatis-spring\2.0.7\mybatis-spring-2.0.7.jar;I:\My software\Maven\mysql\mysql-connector-java\8.0.29\mysql-connector-java-8.0.29.jar;I:\My software\Maven\org\springframework\boot\spring-boot-starter-test\2.7.2\spring-boot-starter-test-2.7.2.jar;I:\My software\Maven\org\springframework\boot\spring-boot-test\2.7.2\spring-boot-test-2.7.2.jar;I:\My software\Maven\org\springframework\boot\spring-boot-test-autoconfigure\2.7.2\spring-boot-test-autoconfigure-2.7.2.jar;I:\My software\Maven\com\jayway\jsonpath\json-path\2.7.0\json-path-2.7.0.jar;I:\My software\Maven\net\minidev\json-smart\2.4.8\json-smart-2.4.8.jar;I:\My software\Maven\net\minidev\accessors-smart\2.4.8\accessors-smart-2.4.8.jar;I:\My software\Maven\org\ow2\asm\asm\9.1\asm-9.1.jar;I:\My software\Maven\org\slf4j\slf4j-api\1.7.36\slf4j-api-1.7.36.jar;I:\My software\Maven\jakarta\xml\bind\jakarta.xml.bind-api\2.3.3\jakarta.xml.bind-api-2.3.3.jar;I:\My software\Maven\jakarta\activation\jakarta.activation-api\1.2.2\jakarta.activation-api-1.2.2.jar;I:\My software\Maven\org\assertj\assertj-core\3.22.0\assertj-core-3.22.0.jar;I:\My software\Maven\org\hamcrest\hamcrest\2.2\hamcrest-2.2.jar;I:\My software\Maven\org\junit\jupiter\junit-jupiter\5.8.2\junit-jupiter-5.8.2.jar;I:\My software\Maven\org\junit\jupiter\junit-jupiter-api\5.8.2\junit-jupiter-api-5.8.2.jar;I:\My software\Maven\org\opentest4j\opentest4j\1.2.0\opentest4j-1.2.0.jar;I:\My software\Maven\org\junit\platform\junit-platform-commons\1.8.2\junit-platform-commons-1.8.2.jar;I:\My software\Maven\org\apiguardian\apiguardian-api\1.1.2\apiguardian-api-1.1.2.jar;I:\My software\Maven\org\junit\jupiter\junit-jupiter-params\5.8.2\junit-jupiter-params-5.8.2.jar;I:\My software\Maven\org\junit\jupiter\junit-jupiter-engine\5.8.2\junit-jupiter-engine-5.8.2.jar;I:\My software\Maven\org\junit\platform\junit-platform-engine\1.8.2\junit-platform-engine-1.8.2.jar;I:\My software\Maven\org\mockito\mockito-core\4.5.1\mockito-core-4.5.1.jar;I:\My software\Maven\net\bytebuddy\byte-buddy\1.12.12\byte-buddy-1.12.12.jar;I:\My software\Maven\net\bytebuddy\byte-buddy-agent\1.12.12\byte-buddy-agent-1.12.12.jar;I:\My software\Maven\org\objenesis\objenesis\3.2\objenesis-3.2.jar;I:\My software\Maven\org\mockito\mockito-junit-jupiter\4.5.1\mockito-junit-jupiter-4.5.1.jar;I:\My software\Maven\org\skyscreamer\jsonassert\1.5.1\jsonassert-1.5.1.jar;I:\My software\Maven\com\vaadin\external\google\android-json\0.0.20131108.vaadin1\android-json-0.0.20131108.vaadin1.jar;I:\My software\Maven\org\springframework\spring-core\5.3.22\spring-core-5.3.22.jar;I:\My software\Maven\org\springframework\spring-jcl\5.3.22\spring-jcl-5.3.22.jar;I:\My software\Maven\org\springframework\spring-test\5.3.22\spring-test-5.3.22.jar;I:\My software\Maven\org\xmlunit\xmlunit-core\2.9.0\xmlunit-core-2.9.0.jar;I:\My software\Maven\com\baomidou\mybatis-plus-boot-starter\3.5.2\mybatis-plus-boot-starter-3.5.2.jar;I:\My software\Maven\com\baomidou\mybatis-plus\3.5.2\mybatis-plus-3.5.2.jar;I:\My software\Maven\com\baomidou\mybatis-plus-extension\3.5.2\mybatis-plus-extension-3.5.2.jar;I:\My software\Maven\com\baomidou\mybatis-plus-core\3.5.2\mybatis-plus-core-3.5.2.jar;I:\My software\Maven\com\baomidou\mybatis-plus-annotation\3.5.2\mybatis-plus-annotation-3.5.2.jar;I:\My software\Maven\com\github\jsqlparser\jsqlparser\4.4\jsqlparser-4.4.jar;I:\My software\Maven\org\jetbrains\kotlin\kotlin-stdlib-jdk8\1.6.21\kotlin-stdlib-jdk8-1.6.21.jar;I:\My software\Maven\org\jetbrains\kotlin\kotlin-stdlib-jdk7\1.6.21\kotlin-stdlib-jdk7-1.6.21.jar;I:\My software\Maven\org\springframework\boot\spring-boot-autoconfigure\2.7.2\spring-boot-autoconfigure-2.7.2.jar;I:\My software\Maven\org\projectlombok\lombok\1.18.24\lombok-1.18.24.jar;I:\My software\Maven\org\springframework\boot\spring-boot-starter-data-redis\2.7.2\spring-boot-starter-data-redis-2.7.2.jar;I:\My software\Maven\org\springframework\data\spring-data-redis\2.7.2\spring-data-redis-2.7.2.jar;I:\My software\Maven\org\springframework\data\spring-data-keyvalue\2.7.2\spring-data-keyvalue-2.7.2.jar;I:\My software\Maven\org\springframework\data\spring-data-commons\2.7.2\spring-data-commons-2.7.2.jar;I:\My software\Maven\org\springframework\spring-tx\5.3.22\spring-tx-5.3.22.jar;I:\My software\Maven\org\springframework\spring-oxm\5.3.22\spring-oxm-5.3.22.jar;I:\My software\Maven\io\lettuce\lettuce-core\6.1.9.RELEASE\lettuce-core-6.1.9.RELEASE.jar;I:\My software\Maven\io\netty\netty-common\4.1.79.Final\netty-common-4.1.79.Final.jar;I:\My software\Maven\io\netty\netty-handler\4.1.79.Final\netty-handler-4.1.79.Final.jar;I:\My software\Maven\io\netty\netty-resolver\4.1.79.Final\netty-resolver-4.1.79.Final.jar;I:\My software\Maven\io\netty\netty-buffer\4.1.79.Final\netty-buffer-4.1.79.Final.jar;I:\My software\Maven\io\netty\netty-transport-native-unix-common\4.1.79.Final\netty-transport-native-unix-common-4.1.79.Final.jar;I:\My software\Maven\io\netty\netty-codec\4.1.79.Final\netty-codec-4.1.79.Final.jar;I:\My software\Maven\io\netty\netty-transport\4.1.79.Final\netty-transport-4.1.79.Final.jar;I:\My software\Maven\io\projectreactor\reactor-core\3.4.21\reactor-core-3.4.21.jar;I:\My software\Maven\org\reactivestreams\reactive-streams\1.0.4\reactive-streams-1.0.4.jar;I:\My software\Maven\commons-codec\commons-codec\1.15\commons-codec-1.15.jar;I:\My software\Maven\io\jsonwebtoken\jjwt\0.9.1\jjwt-0.9.1.jar;I:\My software\Maven\com\fasterxml\jackson\core\jackson-databind\2.13.3\jackson-databind-2.13.3.jar;I:\My software\Maven\com\fasterxml\jackson\core\jackson-annotations\2.13.3\jackson-annotations-2.13.3.jar;I:\My software\Maven\com\fasterxml\jackson\core\jackson-core\2.13.3\jackson-core-2.13.3.jar;I:\My software\Maven\com\alibaba\fastjson\1.2.76\fastjson-1.2.76.jar;I:\My software\Maven\com\qiniu\qiniu-java-sdk\7.7.0\qiniu-java-sdk-7.7.0.jar;I:\My software\Maven\com\squareup\okhttp3\okhttp\4.9.3\okhttp-4.9.3.jar;I:\My software\Maven\com\squareup\okio\okio\2.8.0\okio-2.8.0.jar;I:\My software\Maven\org\jetbrains\kotlin\kotlin-stdlib-common\1.6.21\kotlin-stdlib-common-1.6.21.jar;I:\My software\Maven\org\jetbrains\kotlin\kotlin-stdlib\1.6.21\kotlin-stdlib-1.6.21.jar;I:\My software\Maven\org\jetbrains\annotations\13.0\annotations-13.0.jar;I:\My software\Maven\com\google\code\gson\gson\2.9.0\gson-2.9.0.jar;I:\My software\Maven\org\springframework\boot\spring-boot-starter-mail\2.7.2\spring-boot-starter-mail-2.7.2.jar;I:\My software\Maven\org\springframework\spring-context-support\5.3.22\spring-context-support-5.3.22.jar;I:\My software\Maven\com\sun\mail\jakarta.mail\1.6.7\jakarta.mail-1.6.7.jar;I:\My software\Maven\com\sun\activation\jakarta.activation\1.2.2\jakarta.activation-1.2.2.jar;I:\My software\Maven\org\apache\commons\commons-lang3\3.12.0\commons-lang3-3.12.0.jar;I:\My software\Maven\org\springframework\boot\spring-boot-starter-tomcat\2.7.2\spring-boot-starter-tomcat-2.7.2.jar;I:\My software\Maven\jakarta\annotation\jakarta.annotation-api\1.3.5\jakarta.annotation-api-1.3.5.jar;I:\My software\Maven\org\apache\tomcat\embed\tomcat-embed-core\9.0.65\tomcat-embed-core-9.0.65.jar;I:\My software\Maven\org\apache\tomcat\embed\tomcat-embed-el\9.0.65\tomcat-embed-el-9.0.65.jar;I:\My software\Maven\org\apache\tomcat\embed\tomcat-embed-websocket\9.0.65\tomcat-embed-websocket-9.0.65.jar;"/>
    <property name="sun.cpu.endian" value="little"/>
    <property name="user.home" value="C:\Users\喜"/>
    <property name="user.language" value="zh"/>
    <property name="java.specification.vendor" value="Oracle Corporation"/>
    <property name="java.home" value="C:\Users\喜\.jdks\corretto-1.8.0_332\jre"/>
    <property name="basedir" value="C:\Users\喜\Desktop\MyBlog-github\xcx"/>
    <property name="file.separator" value="\"/>
    <property name="line.separator" value="&#10;"/>
    <property name="java.vm.specification.vendor" value="Oracle Corporation"/>
    <property name="java.specification.name" value="Java Platform API Specification"/>
    <property name="java.awt.graphicsenv" value="sun.awt.Win32GraphicsEnvironment"/>
    <property name="surefire.real.class.path" value="C:\Users\喜\AppData\Local\Temp\surefire5800797781760908853\surefirebooter4533264459498606148.jar"/>
    <property name="sun.boot.class.path" value="C:\Users\喜\.jdks\corretto-1.8.0_332\jre\lib\resources.jar;C:\Users\喜\.jdks\corretto-1.8.0_332\jre\lib\rt.jar;C:\Users\喜\.jdks\corretto-1.8.0_332\jre\lib\sunrsasign.jar;C:\Users\喜\.jdks\corretto-1.8.0_332\jre\lib\jsse.jar;C:\Users\喜\.jdks\corretto-1.8.0_332\jre\lib\jce.jar;C:\Users\喜\.jdks\corretto-1.8.0_332\jre\lib\charsets.jar;C:\Users\喜\.jdks\corretto-1.8.0_332\jre\lib\jfr.jar;C:\Users\喜\.jdks\corretto-1.8.0_332\jre\classes"/>
    <property name="user.script" value=""/>
    <property name="sun.management.compiler" value="HotSpot 64-Bit Tiered Compilers"/>
    <property name="java.runtime.version" value="1.8.0_332-b08"/>
    <property name="user.name" value="喜"/>
    <property name="path.separator" value=";"/>
    <property name="os.version" value="10.0"/>
    <property name="java.endorsed.dirs" value="C:\Users\喜\.jdks\corretto-1.8.0_332\jre\lib\endorsed"/>
    <property name="java.runtime.name" value="OpenJDK Runtime Environment"/>
    <property name="file.encoding" value="GBK"/>
    <property name="java.vm.name" value="OpenJDK 64-Bit Server VM"/>
    <property name="localRepository" value="I:\My software\Maven"/>
    <property name="java.vendor.url.bug" value="https://github.com/corretto/corretto-8/issues/"/>
    <property name="java.io.tmpdir" value="C:\Users\喜\AppData\Local\Temp\"/>
    <property name="idea.version" value="2021.3.3"/>
    <property name="java.version" value="1.8.0_332"/>
    <property name="user.dir" value="C:\Users\喜\Desktop\MyBlog-github\xcx"/>
    <property name="os.arch" value="amd64"/>
    <property name="java.vm.specification.name" value="Java Virtual Machine Specification"/>
    <property name="java.awt.printerjob" value="sun.awt.windows.WPrinterJob"/>
    <property name="sun.os.patch.level" value=""/>
    <property name="java.library.path" value="C:\Users\喜\.jdks\corretto-1.8.0_332\jre\bin;C:\WINDOWS\Sun\Java\bin;C:\WINDOWS\system32;C:\WINDOWS;C:\Program Files\Common Files\Oracle\Java\javapath;C:\WINDOWS\system32;C:\WINDOWS;C:\WINDOWS\System32\Wbem;C:\WINDOWS\System32\WindowsPowerShell\v1.0\;C:\WINDOWS\System32\OpenSSH\;I:\My software\xftp\;C:\Program Files\dotnet\;C:\Program Files\Microsoft SQL Server\130\Tools\Binn\;C:\Program Files\Microsoft SQL Server\Client SDK\ODBC\170\Tools\Binn\;C:\Program Files (x86)\Microsoft SQL Server\150\Tools\Binn\;C:\Program Files\Microsoft SQL Server\150\Tools\Binn\;C:\Program Files\Microsoft SQL Server\150\DTS\Binn\;C:\Program Files (x86)\Microsoft SQL Server\150\DTS\Binn\;C:\Program Files\Azure Data Studio\bin;C:\Program Files\Java\jdk-18.0.1\bin;C:\Program Files\Apache Software Foundation\Tomcat 10.0\bin;C:\Program Files (x86)\dotnet\;I:\My software\xshell\;I:\My software\apache-maven-3.8.6\bin;I:\My software\nodejs\;I:\My software\微信web开发者工具\dll;C:\Program Files\MySQL\MySQL Shell 8.0\bin\;C:\Users\喜\AppData\Local\Microsoft\WindowsApps;;I:\My software\IntelliJ IDEA Community Edition 2021.2.3\bin;;I:\My software\Microsoft VS Code\bin;C:\Users\喜\.dotnet\tools;C:\Program Files\Azure Data Studio\bin;E:\IntelliJ IDEA 2021.3.3\bin;;C:\Users\喜\AppData\Roaming\npm;."/>
    <property name="java.vm.info" value="mixed mode"/>
    <property name="java.vendor" value="Amazon.com Inc."/>
    <property name="java.vm.version" value="25.332-b08"/>
    <property name="java.ext.dirs" value="C:\Users\喜\.jdks\corretto-1.8.0_332\jre\lib\ext;C:\WINDOWS\Sun\Java\lib\ext"/>
    <property name="sun.io.unicode.encoding" value="UnicodeLittle"/>
    <property name="java.class.version" value="52.0"/>
  </properties>
  <testcase name="test" classname="com.xcx.XcxApplicationTests" time="1.526"/>
  <testcase name="contextLoads" classname="com.xcx.XcxApplicationTests" time="0.003"/>
</testsuite>